  AI.cpp
  CAnimation.cpp
  CAnimator.cpp
  CBtnUI.cpp
  CCamera.cpp
  CCollider.cpp
  CCollisionMgr.cpp
  CCore.cpp
  CEventMgr.cpp
  CFixedUI.cpp
  CGravity.cpp
  CGround.cpp
  CIdleState.cpp
  CkeyMgr.cpp
  CMissile.cpp
  CMonFactory.cpp
  CMonster.cpp
  CObject.cpp
  CPanelUI.cpp
  CPathMgr.cpp
  CPlayer.cpp
  CRes.cpp
  CResMgr.cpp
  CRigidBody.cpp
  CScene.cpp
C:\Users\PC\Desktop\RunGame\Client\CScene.cpp(116,32): warning C4018: '<=': signed 또는 unsigned가 일치하지 않습니다.
C:\Users\PC\Desktop\RunGame\Client\CScene.cpp(117,32): warning C4018: '<=': signed 또는 unsigned가 일치하지 않습니다.
  CSceneMgr.cpp
  CSceneOption.cpp
  CScene_PlayGame.cpp
  CScene_Start.cpp
  CScene_Tool.cpp
  CSound.cpp
  CState.cpp
  CTexture.cpp
  CTile.cpp
  CTileUI.cpp
  CTimeMgr.cpp
  CTraceState.cpp
  CUI.cpp
  CUIMgr.cpp
  func.cpp
  main.cpp
  SelectGDI.cpp
  Client.vcxproj -> C:\Users\PC\Desktop\RunGame\Output\bin_debug\Client.exe
